1736600198.447851 client started (85310): version 3.5a, socket /private/tmp/tmux-501/default, protocol 8
1736600198.447881 on Darwin 24.0.0 Darwin Kernel Version 24.0.0: Tue Sep 24 23:37:13 PDT 2024; root:xnu-11215.1.12~1/RELEASE_ARM64_T8112
1736600198.447890 using libevent 2.1.12-stable select
1736600198.447914 using utf8proc 2.10.0
1736600198.447919 using ncurses 6.4 20221231
1736600198.447934 flags are 0x10010000
1736600198.447939 socket is /private/tmp/tmux-501/default
1736600198.447949 trying connect
1736600198.447983 add peer 0x118008000: 6 (0x0)
1736600198.449246 sending message 111 to peer 0x118008000 (8 bytes)
1736600198.449254 sending message 111 to peer 0x118008000 (8 bytes)
1736600198.449260 sending message 101 to peer 0x118008000 (14 bytes)
1736600198.449265 sending message 109 to peer 0x118008000 (4 bytes)
1736600198.449270 sending message 102 to peer 0x118008000 (13 bytes)
1736600198.449274 sending message 108 to peer 0x118008000 (45 bytes)
1736600198.449279 sending message 112 to peer 0x118008000 (70 bytes)
1736600198.449284 sending message 112 to peer 0x118008000 (5 bytes)
1736600198.449288 sending message 112 to peer 0x118008000 (5 bytes)
1736600198.449293 sending message 112 to peer 0x118008000 (6 bytes)
1736600198.449297 sending message 112 to peer 0x118008000 (6 bytes)
1736600198.449301 sending message 112 to peer 0x118008000 (11 bytes)
1736600198.449306 sending message 112 to peer 0x118008000 (10 bytes)
1736600198.449310 sending message 112 to peer 0x118008000 (13 bytes)
1736600198.449315 sending message 112 to peer 0x118008000 (14 bytes)
1736600198.449319 sending message 112 to peer 0x118008000 (9 bytes)
1736600198.449324 sending message 112 to peer 0x118008000 (21 bytes)
1736600198.449328 sending message 112 to peer 0x118008000 (19 bytes)
1736600198.449332 sending message 112 to peer 0x118008000 (11 bytes)
1736600198.449337 sending message 112 to peer 0x118008000 (21 bytes)
1736600198.449341 sending message 112 to peer 0x118008000 (13 bytes)
1736600198.449346 sending message 112 to peer 0x118008000 (7 bytes)
1736600198.449350 sending message 112 to peer 0x118008000 (13 bytes)
1736600198.449354 sending message 112 to peer 0x118008000 (7 bytes)
1736600198.449359 sending message 112 to peer 0x118008000 (13 bytes)
1736600198.449363 sending message 112 to peer 0x118008000 (9 bytes)
1736600198.449368 sending message 112 to peer 0x118008000 (21 bytes)
1736600198.449372 sending message 112 to peer 0x118008000 (13 bytes)
1736600198.449376 sending message 112 to peer 0x118008000 (9 bytes)
1736600198.449381 sending message 112 to peer 0x118008000 (16 bytes)
1736600198.449385 sending message 112 to peer 0x118008000 (13 bytes)
1736600198.449389 sending message 112 to peer 0x118008000 (9 bytes)
1736600198.449394 sending message 112 to peer 0x118008000 (9 bytes)
1736600198.449398 sending message 112 to peer 0x118008000 (12 bytes)
1736600198.449402 sending message 112 to peer 0x118008000 (8 bytes)
1736600198.449407 sending message 112 to peer 0x118008000 (12 bytes)
1736600198.449411 sending message 112 to peer 0x118008000 (8 bytes)
1736600198.449415 sending message 112 to peer 0x118008000 (13 bytes)
1736600198.449420 sending message 112 to peer 0x118008000 (7 bytes)
1736600198.449424 sending message 112 to peer 0x118008000 (7 bytes)
1736600198.449429 sending message 112 to peer 0x118008000 (9 bytes)
1736600198.449433 sending message 112 to peer 0x118008000 (12 bytes)
1736600198.449437 sending message 112 to peer 0x118008000 (6 bytes)
1736600198.449442 sending message 112 to peer 0x118008000 (9 bytes)
1736600198.449446 sending message 112 to peer 0x118008000 (15 bytes)
1736600198.449450 sending message 112 to peer 0x118008000 (13 bytes)
1736600198.449455 sending message 112 to peer 0x118008000 (9 bytes)
1736600198.449459 sending message 112 to peer 0x118008000 (12 bytes)
1736600198.449463 sending message 112 to peer 0x118008000 (8 bytes)
1736600198.449468 sending message 112 to peer 0x118008000 (14 bytes)
1736600198.449472 sending message 112 to peer 0x118008000 (11 bytes)
1736600198.449476 sending message 112 to peer 0x118008000 (9 bytes)
1736600198.449492 sending message 112 to peer 0x118008000 (10 bytes)
1736600198.449496 sending message 112 to peer 0x118008000 (10 bytes)
1736600198.449499 sending message 112 to peer 0x118008000 (10 bytes)
1736600198.449502 sending message 112 to peer 0x118008000 (10 bytes)
1736600198.449505 sending message 112 to peer 0x118008000 (11 bytes)
1736600198.449509 sending message 112 to peer 0x118008000 (12 bytes)
1736600198.449512 sending message 112 to peer 0x118008000 (12 bytes)
1736600198.449515 sending message 112 to peer 0x118008000 (12 bytes)
1736600198.449518 sending message 112 to peer 0x118008000 (12 bytes)
1736600198.449521 sending message 112 to peer 0x118008000 (12 bytes)
1736600198.449525 sending message 112 to peer 0x118008000 (11 bytes)
1736600198.449528 sending message 112 to peer 0x118008000 (11 bytes)
1736600198.449531 sending message 112 to peer 0x118008000 (12 bytes)
1736600198.449534 sending message 112 to peer 0x118008000 (12 bytes)
1736600198.449537 sending message 112 to peer 0x118008000 (12 bytes)
1736600198.449540 sending message 112 to peer 0x118008000 (12 bytes)
1736600198.449544 sending message 112 to peer 0x118008000 (12 bytes)
1736600198.449547 sending message 112 to peer 0x118008000 (9 bytes)
1736600198.449550 sending message 112 to peer 0x118008000 (12 bytes)
1736600198.449553 sending message 112 to peer 0x118008000 (13 bytes)
1736600198.449556 sending message 112 to peer 0x118008000 (13 bytes)
1736600198.449559 sending message 112 to peer 0x118008000 (13 bytes)
1736600198.449562 sending message 112 to peer 0x118008000 (13 bytes)
1736600198.449566 sending message 112 to peer 0x118008000 (13 bytes)
1736600198.449569 sending message 112 to peer 0x118008000 (8 bytes)
1736600198.449572 sending message 112 to peer 0x118008000 (11 bytes)
1736600198.449575 sending message 112 to peer 0x118008000 (11 bytes)
1736600198.449578 sending message 112 to peer 0x118008000 (11 bytes)
1736600198.449581 sending message 112 to peer 0x118008000 (12 bytes)
1736600198.449584 sending message 112 to peer 0x118008000 (12 bytes)
1736600198.449588 sending message 112 to peer 0x118008000 (12 bytes)
1736600198.449591 sending message 112 to peer 0x118008000 (12 bytes)
1736600198.449594 sending message 112 to peer 0x118008000 (13 bytes)
1736600198.449597 sending message 112 to peer 0x118008000 (13 bytes)
1736600198.449600 sending message 112 to peer 0x118008000 (13 bytes)
1736600198.449603 sending message 112 to peer 0x118008000 (8 bytes)
1736600198.449606 sending message 112 to peer 0x118008000 (13 bytes)
1736600198.449609 sending message 112 to peer 0x118008000 (13 bytes)
1736600198.449613 sending message 112 to peer 0x118008000 (13 bytes)
1736600198.449616 sending message 112 to peer 0x118008000 (13 bytes)
1736600198.449619 sending message 112 to peer 0x118008000 (13 bytes)
1736600198.449622 sending message 112 to peer 0x118008000 (12 bytes)
1736600198.449625 sending message 112 to peer 0x118008000 (12 bytes)
1736600198.449628 sending message 112 to peer 0x118008000 (12 bytes)
1736600198.449631 sending message 112 to peer 0x118008000 (12 bytes)
1736600198.449634 sending message 112 to peer 0x118008000 (13 bytes)
1736600198.449638 sending message 112 to peer 0x118008000 (8 bytes)
1736600198.449641 sending message 112 to peer 0x118008000 (13 bytes)
1736600198.449644 sending message 112 to peer 0x118008000 (13 bytes)
1736600198.449647 sending message 112 to peer 0x118008000 (13 bytes)
1736600198.449650 sending message 112 to peer 0x118008000 (13 bytes)
1736600198.449653 sending message 112 to peer 0x118008000 (13 bytes)
1736600198.449656 sending message 112 to peer 0x118008000 (13 bytes)
1736600198.449659 sending message 112 to peer 0x118008000 (13 bytes)
1736600198.449663 sending message 112 to peer 0x118008000 (12 bytes)
1736600198.449666 sending message 112 to peer 0x118008000 (12 bytes)
1736600198.449669 sending message 112 to peer 0x118008000 (12 bytes)
1736600198.449672 sending message 112 to peer 0x118008000 (8 bytes)
1736600198.449675 sending message 112 to peer 0x118008000 (12 bytes)
1736600198.449678 sending message 112 to peer 0x118008000 (13 bytes)
1736600198.449687 sending message 112 to peer 0x118008000 (13 bytes)
1736600198.449690 sending message 112 to peer 0x118008000 (13 bytes)
1736600198.449694 sending message 112 to peer 0x118008000 (13 bytes)
1736600198.449697 sending message 112 to peer 0x118008000 (13 bytes)
1736600198.449700 sending message 112 to peer 0x118008000 (13 bytes)
1736600198.449703 sending message 112 to peer 0x118008000 (13 bytes)
1736600198.449706 sending message 112 to peer 0x118008000 (13 bytes)
1736600198.449709 sending message 112 to peer 0x118008000 (12 bytes)
1736600198.449712 sending message 112 to peer 0x118008000 (10 bytes)
1736600198.449716 sending message 112 to peer 0x118008000 (12 bytes)
1736600198.449719 sending message 112 to peer 0x118008000 (12 bytes)
1736600198.449722 sending message 112 to peer 0x118008000 (12 bytes)
1736600198.449725 sending message 112 to peer 0x118008000 (13 bytes)
1736600198.449728 sending message 112 to peer 0x118008000 (13 bytes)
1736600198.449731 sending message 112 to peer 0x118008000 (13 bytes)
1736600198.449734 sending message 112 to peer 0x118008000 (13 bytes)
1736600198.449737 sending message 112 to peer 0x118008000 (13 bytes)
1736600198.449741 sending message 112 to peer 0x118008000 (13 bytes)
1736600198.449744 sending message 112 to peer 0x118008000 (13 bytes)
1736600198.449747 sending message 112 to peer 0x118008000 (10 bytes)
1736600198.449750 sending message 112 to peer 0x118008000 (13 bytes)
1736600198.449753 sending message 112 to peer 0x118008000 (12 bytes)
1736600198.449756 sending message 112 to peer 0x118008000 (12 bytes)
1736600198.449759 sending message 112 to peer 0x118008000 (12 bytes)
1736600198.449763 sending message 112 to peer 0x118008000 (10 bytes)
1736600198.449766 sending message 112 to peer 0x118008000 (10 bytes)
1736600198.449769 sending message 112 to peer 0x118008000 (10 bytes)
1736600198.449772 sending message 112 to peer 0x118008000 (12 bytes)
1736600198.449775 sending message 112 to peer 0x118008000 (13 bytes)
1736600198.449778 sending message 112 to peer 0x118008000 (13 bytes)
1736600198.449781 sending message 112 to peer 0x118008000 (13 bytes)
1736600198.449784 sending message 112 to peer 0x118008000 (13 bytes)
1736600198.449788 sending message 112 to peer 0x118008000 (13 bytes)
1736600198.449791 sending message 112 to peer 0x118008000 (10 bytes)
1736600198.449794 sending message 112 to peer 0x118008000 (11 bytes)
1736600198.449797 sending message 112 to peer 0x118008000 (12 bytes)
1736600198.449800 sending message 112 to peer 0x118008000 (12 bytes)
1736600198.449803 sending message 112 to peer 0x118008000 (12 bytes)
1736600198.449806 sending message 112 to peer 0x118008000 (12 bytes)
1736600198.449809 sending message 112 to peer 0x118008000 (12 bytes)
1736600198.449812 sending message 112 to peer 0x118008000 (11 bytes)
1736600198.449816 sending message 112 to peer 0x118008000 (12 bytes)
1736600198.449819 sending message 112 to peer 0x118008000 (12 bytes)
1736600198.449822 sending message 112 to peer 0x118008000 (13 bytes)
1736600198.449825 sending message 112 to peer 0x118008000 (13 bytes)
1736600198.449828 sending message 112 to peer 0x118008000 (13 bytes)
1736600198.449831 sending message 112 to peer 0x118008000 (13 bytes)
1736600198.449834 sending message 112 to peer 0x118008000 (13 bytes)
1736600198.449837 sending message 112 to peer 0x118008000 (10 bytes)
1736600198.449840 sending message 112 to peer 0x118008000 (9 bytes)
1736600198.449844 sending message 112 to peer 0x118008000 (12 bytes)
1736600198.449847 sending message 112 to peer 0x118008000 (13 bytes)
1736600198.449850 sending message 112 to peer 0x118008000 (13 bytes)
1736600198.449853 sending message 112 to peer 0x118008000 (13 bytes)
1736600198.449856 sending message 112 to peer 0x118008000 (13 bytes)
1736600198.449859 sending message 112 to peer 0x118008000 (13 bytes)
1736600198.449862 sending message 112 to peer 0x118008000 (9 bytes)
1736600198.449865 sending message 112 to peer 0x118008000 (12 bytes)
1736600198.449869 sending message 112 to peer 0x118008000 (13 bytes)
1736600198.449877 sending message 112 to peer 0x118008000 (13 bytes)
1736600198.449880 sending message 112 to peer 0x118008000 (13 bytes)
1736600198.449883 sending message 112 to peer 0x118008000 (13 bytes)
1736600198.449886 sending message 112 to peer 0x118008000 (13 bytes)
1736600198.449889 sending message 112 to peer 0x118008000 (11 bytes)
1736600198.449893 sending message 112 to peer 0x118008000 (12 bytes)
1736600198.449896 sending message 112 to peer 0x118008000 (13 bytes)
1736600198.449899 sending message 112 to peer 0x118008000 (13 bytes)
1736600198.449902 sending message 112 to peer 0x118008000 (13 bytes)
1736600198.449905 sending message 112 to peer 0x118008000 (13 bytes)
1736600198.449908 sending message 112 to peer 0x118008000 (13 bytes)
1736600198.449911 sending message 112 to peer 0x118008000 (11 bytes)
1736600198.449914 sending message 112 to peer 0x118008000 (12 bytes)
1736600198.449917 sending message 112 to peer 0x118008000 (12 bytes)
1736600198.449921 sending message 112 to peer 0x118008000 (12 bytes)
1736600198.449924 sending message 112 to peer 0x118008000 (12 bytes)
1736600198.449927 sending message 112 to peer 0x118008000 (12 bytes)
1736600198.449930 sending message 112 to peer 0x118008000 (21 bytes)
1736600198.449933 sending message 112 to peer 0x118008000 (12 bytes)
1736600198.449936 sending message 112 to peer 0x118008000 (9 bytes)
1736600198.449939 sending message 112 to peer 0x118008000 (6 bytes)
1736600198.449942 sending message 112 to peer 0x118008000 (13 bytes)
1736600198.449945 sending message 112 to peer 0x118008000 (10 bytes)
1736600198.449948 sending message 112 to peer 0x118008000 (15 bytes)
1736600198.449952 sending message 112 to peer 0x118008000 (13 bytes)
1736600198.449955 sending message 112 to peer 0x118008000 (9 bytes)
1736600198.449958 sending message 112 to peer 0x118008000 (70 bytes)
1736600198.449961 sending message 112 to peer 0x118008000 (69 bytes)
1736600198.449964 sending message 112 to peer 0x118008000 (34 bytes)
1736600198.449967 sending message 112 to peer 0x118008000 (34 bytes)
1736600198.449971 sending message 112 to peer 0x118008000 (70 bytes)
1736600198.449974 sending message 112 to peer 0x118008000 (12 bytes)
1736600198.449977 sending message 112 to peer 0x118008000 (10 bytes)
1736600198.449980 sending message 112 to peer 0x118008000 (10 bytes)
1736600198.449983 sending message 112 to peer 0x118008000 (15 bytes)
1736600198.449986 sending message 112 to peer 0x118008000 (13 bytes)
1736600198.449989 sending message 112 to peer 0x118008000 (10 bytes)
1736600198.449992 sending message 112 to peer 0x118008000 (10 bytes)
1736600198.449996 sending message 112 to peer 0x118008000 (17 bytes)
1736600198.449999 sending message 112 to peer 0x118008000 (10 bytes)
1736600198.450002 sending message 112 to peer 0x118008000 (13 bytes)
1736600198.450005 sending message 112 to peer 0x118008000 (32 bytes)
1736600198.450008 sending message 112 to peer 0x118008000 (5 bytes)
1736600198.450011 sending message 112 to peer 0x118008000 (9 bytes)
1736600198.450015 sending message 112 to peer 0x118008000 (15 bytes)
1736600198.450018 sending message 112 to peer 0x118008000 (5 bytes)
1736600198.450022 sending message 104 to peer 0x118008000 (0 bytes)
1736600198.450025 sending message 110 to peer 0x118008000 (0 bytes)
1736600198.450029 sending message 107 to peer 0x118008000 (4 bytes)
1736600198.450032 sending message 105 to peer 0x118008000 (66 bytes)
1736600198.450035 sending message 105 to peer 0x118008000 (47 bytes)
1736600198.450039 sending message 105 to peer 0x118008000 (84 bytes)
1736600198.450042 sending message 105 to peer 0x118008000 (22 bytes)
1736600198.450045 sending message 105 to peer 0x118008000 (63 bytes)
1736600198.450048 sending message 105 to peer 0x118008000 (19 bytes)
1736600198.450051 sending message 105 to peer 0x118008000 (57 bytes)
1736600198.450054 sending message 105 to peer 0x118008000 (66 bytes)
1736600198.450058 sending message 105 to peer 0x118008000 (26 bytes)
1736600198.450061 sending message 105 to peer 0x118008000 (18 bytes)
1736600198.450070 sending message 105 to peer 0x118008000 (22 bytes)
1736600198.450074 sending message 105 to peer 0x118008000 (41 bytes)
1736600198.450077 sending message 105 to peer 0x118008000 (29 bytes)
1736600198.450080 sending message 105 to peer 0x118008000 (43 bytes)
1736600198.450083 sending message 105 to peer 0x118008000 (19 bytes)
1736600198.450086 sending message 105 to peer 0x118008000 (32 bytes)
1736600198.450090 sending message 105 to peer 0x118008000 (16 bytes)
1736600198.450093 sending message 105 to peer 0x118008000 (17 bytes)
1736600198.450096 sending message 105 to peer 0x118008000 (24 bytes)
1736600198.450099 sending message 105 to peer 0x118008000 (53 bytes)
1736600198.450102 sending message 105 to peer 0x118008000 (16 bytes)
1736600198.450106 sending message 105 to peer 0x118008000 (14 bytes)
1736600198.450109 sending message 105 to peer 0x118008000 (17 bytes)
1736600198.450112 sending message 105 to peer 0x118008000 (80 bytes)
1736600198.450115 sending message 105 to peer 0x118008000 (25 bytes)
1736600198.450118 sending message 105 to peer 0x118008000 (30 bytes)
1736600198.450123 sending message 105 to peer 0x118008000 (67 bytes)
1736600198.450127 sending message 105 to peer 0x118008000 (23 bytes)
1736600198.450130 sending message 105 to peer 0x118008000 (116 bytes)
1736600198.450134 sending message 105 to peer 0x118008000 (36 bytes)
1736600198.450137 sending message 105 to peer 0x118008000 (26 bytes)
1736600198.450140 sending message 105 to peer 0x118008000 (795 bytes)
1736600198.450143 sending message 105 to peer 0x118008000 (39 bytes)
1736600198.450147 sending message 105 to peer 0x118008000 (424 bytes)
1736600198.450150 sending message 105 to peer 0x118008000 (23 bytes)
1736600198.450153 sending message 105 to peer 0x118008000 (75 bytes)
1736600198.450156 sending message 105 to peer 0x118008000 (36 bytes)
1736600198.450160 sending message 105 to peer 0x118008000 (738 bytes)
1736600198.450163 sending message 105 to peer 0x118008000 (57 bytes)
1736600198.450166 sending message 105 to peer 0x118008000 (109 bytes)
1736600198.450169 sending message 105 to peer 0x118008000 (18 bytes)
1736600198.450173 sending message 105 to peer 0x118008000 (65 bytes)
1736600198.450176 sending message 105 to peer 0x118008000 (83 bytes)
1736600198.450179 sending message 105 to peer 0x118008000 (783 bytes)
1736600198.450182 sending message 105 to peer 0x118008000 (49 bytes)
1736600198.450186 sending message 105 to peer 0x118008000 (297 bytes)
1736600198.450189 sending message 105 to peer 0x118008000 (20 bytes)
1736600198.450192 sending message 105 to peer 0x118008000 (27 bytes)
1736600198.450195 sending message 105 to peer 0x118008000 (590 bytes)
1736600198.450198 sending message 105 to peer 0x118008000 (81 bytes)
1736600198.450202 sending message 105 to peer 0x118008000 (27 bytes)
1736600198.450205 sending message 105 to peer 0x118008000 (54 bytes)
1736600198.450208 sending message 105 to peer 0x118008000 (14 bytes)
1736600198.450211 sending message 105 to peer 0x118008000 (8 bytes)
1736600198.450214 sending message 106 to peer 0x118008000 (0 bytes)
1736600198.450264 sending message 200 to peer 0x118008000 (4 bytes)
1736600198.450269 client loop enter
1736600198.450476 peer 0x118008000 message 303
1736600198.450486 open write file 2 -
1736600198.450499 sending message 305 to peer 0x118008000 (8 bytes)
1736600198.450510 write check file 2
1736600198.450544 peer 0x118008000 message 304
1736600198.450550 write 58 to file 2
1736600198.450554 peer 0x118008000 message 203
1736600198.450558 file 2 58 bytes left
1736600198.450567 write check file 2
1736600198.450571 client loop exit
